<?xml version="1.0" encoding="UTF-8"?>
<!-- Generated by org.testng.reporters.JUnitReportReporter -->
<testsuite hostname="DESKTOP-S7E68CE" failures="0" tests="2" name="com.crm.qa.testcases.LoginPageTest" time="42.050" errors="0" timestamp="2020-09-18T01:42:20 IST" skipped="0">
  <testcase classname="com.crm.qa.testcases.LoginPageTest" name="loginPageTitleTest" time="27.617"/>
  <system-out/>
  <testcase classname="com.crm.qa.testcases.LoginPageTest" name="loginTest" time="14.433"/>
  <system-out/>
</testsuite> <!-- com.crm.qa.testcases.LoginPageTest -->
